<?xml version="1.0" encoding="UTF-8"?>
<testsuite xmlns:xsi="http://www.w3.org/2001/XMLSchema-instance" xsi:schemaLocation="https://maven.apache.org/surefire/maven-surefire-plugin/xsd/surefire-test-report.xsd" name="com.freddiemac.runner.TestRunner" time="28.932" tests="224" errors="0" skipped="8" failures="4">
  <properties>
[...]
</properties>
  <testcase name="Given The ACEAPI2.0 RequestID is &quot;28644404358&quot;" classname="| 28644404358 |" time="0.001"/>
  <testcase name="Then User retrieves the corresponding &quot;ACEAPI2.0Request&quot; from ACEAPI2.0 Database" classname="| 28644404358 |" time="0"/>
  <testcase name="And User creates the &quot;ACEAPI2.0Request&quot; using the ACEAPI2.0 DB document" classname="| 28644404358 |" time="0"/>
  <testcase name="Then User retrieves the corresponding &quot;ACEAPI2.0Response&quot; from ACEAPI2.0 Database" classname="| 28644404358 |" time="0"/>
  <testcase name="Then User retrieves the corresponding &quot;HVEResponse&quot; from ACEAPI2.0 Database" classname="| 28644404358 |" time="0"/>
  <testcase name="Then User retrieves the corresponding &quot;AARequest&quot; from ACEAPI2.0 Database" classname="| 28644404358 |" time="0"/>
  <testcase name="Then User retrieves the corresponding &quot;AAResponse&quot; from ACEAPI2.0 Database" classname="| 28644404358 |" time="0"/>
  <testcase name="Then User retrieves the corresponding ACEAPI2.0 &quot;GFSPostData&quot; from GFS Database" classname="| 28644404358 |" time="0"/>
  <testcase name="And User verifies GFS &quot;GFSPostData&quot; &quot;Address&quot; data matches &quot;HVEResponse&quot; &quot;Address&quot; data" classname="| 28644404358 |" time="0"/>
  <testcase name="And User verifies GFS &quot;GFSPostData&quot; &quot;HVE2&quot; data matches &quot;HVEResponse&quot; &quot;HVE&quot; data" classname="| 28644404358 |" time="0"/>
  <testcase name="And User verifies GFS &quot;GFSPostData&quot; &quot;AA&quot; data matches &quot;AAResponse&quot; &quot;AA&quot; data" classname="| 28644404358 |" time="0"/>
  <testcase name="And User verifies GFS &quot;GFSPostData&quot; &quot;HVE&quot; data matches &quot;AARequest&quot; &quot;HVE&quot; data" classname="| 28644404358 |" time="0"/>
  <testcase name="And User verifies GFS &quot;GFSPostData&quot; &quot;PV&quot; data matches &quot;AARequest&quot; &quot;Subsequent PV&quot; data" classname="| 28644404358 |" time="0"/>
  <testcase name="| 28644404358 |" classname="| 28644404358 |" time="0.146"/>
  <testcase name="Given The ACEAPI2.0 RequestID is &quot;167611783765&quot;" classname="| 167611783765 |" time="0"/>
  <testcase name="Then User retrieves the corresponding &quot;ACEAPI2.0Request&quot; from ACEAPI2.0 Database" classname="| 167611783765 |" time="0"/>
  <testcase name="And User creates the &quot;ACEAPI2.0Request&quot; using the ACEAPI2.0 DB document" classname="| 167611783765 |" time="0"/>
  <testcase name="Then User retrieves the corresponding &quot;ACEAPI2.0Response&quot; from ACEAPI2.0 Database" classname="| 167611783765 |" time="0"/>
  <testcase name="Then User retrieves the corresponding &quot;HVEResponse&quot; from ACEAPI2.0 Database" classname="| 167611783765 |" time="0"/>
  <testcase name="Then User retrieves the corresponding &quot;AARequest&quot; from ACEAPI2.0 Database" classname="| 167611783765 |" time="0"/>
  <testcase name="Then User retrieves the corresponding &quot;AAResponse&quot; from ACEAPI2.0 Database" classname="| 167611783765 |" time="0"/>
  <testcase name="Then User retrieves the corresponding ACEAPI2.0 &quot;GFSPostData&quot; from GFS Database" classname="| 167611783765 |" time="0"/>
  <testcase name="And User verifies GFS &quot;GFSPostData&quot; &quot;Address&quot; data matches &quot;HVEResponse&quot; &quot;Address&quot; data" classname="| 167611783765 |" time="0"/>
  <testcase name="And User verifies GFS &quot;GFSPostData&quot; &quot;HVE2&quot; data matches &quot;HVEResponse&quot; &quot;HVE&quot; data" classname="| 167611783765 |" time="0"/>
  <testcase name="And User verifies GFS &quot;GFSPostData&quot; &quot;AA&quot; data matches &quot;AAResponse&quot; &quot;AA&quot; data" classname="| 167611783765 |" time="0"/>
  <testcase name="And User verifies GFS &quot;GFSPostData&quot; &quot;HVE&quot; data matches &quot;AARequest&quot; &quot;HVE&quot; data" classname="| 167611783765 |" time="0"/>
  <testcase name="And User verifies GFS &quot;GFSPostData&quot; &quot;PV&quot; data matches &quot;AARequest&quot; &quot;Subsequent PV&quot; data" classname="| 167611783765 |" time="0"/>
  <testcase name="| 167611783765 |" classname="| 167611783765 |" time="0"/>
  <testcase name="Given The ACEAPI2.0 RequestID is &quot;739609776662&quot;" classname="| 739609776662 |" time="0"/>
  <testcase name="Then User retrieves the corresponding &quot;ACEAPI2.0Request&quot; from ACEAPI2.0 Database" classname="| 739609776662 |" time="0"/>
  <testcase name="And User creates the &quot;ACEAPI2.0Request&quot; using the ACEAPI2.0 DB document" classname="| 739609776662 |" time="0"/>
  <testcase name="Then User retrieves the corresponding &quot;ACEAPI2.0Response&quot; from ACEAPI2.0 Database" classname="| 739609776662 |" time="0"/>
  <testcase name="Then User retrieves the corresponding &quot;HVEResponse&quot; from ACEAPI2.0 Database" classname="| 739609776662 |" time="0.014"/>
  <testcase name="Then User retrieves the corresponding &quot;AARequest&quot; from ACEAPI2.0 Database" classname="| 739609776662 |" time="0"/>
  <testcase name="Then User retrieves the corresponding &quot;AAResponse&quot; from ACEAPI2.0 Database" classname="| 739609776662 |" time="0"/>
  <testcase name="Then User retrieves the corresponding ACEAPI2.0 &quot;GFSPostData&quot; from GFS Database" classname="| 739609776662 |" time="0"/>
  <testcase name="And User verifies GFS &quot;GFSPostData&quot; &quot;Address&quot; data matches &quot;HVEResponse&quot; &quot;Address&quot; data" classname="| 739609776662 |" time="0"/>
  <testcase name="And User verifies GFS &quot;GFSPostData&quot; &quot;HVE2&quot; data matches &quot;HVEResponse&quot; &quot;HVE&quot; data" classname="| 739609776662 |" time="0"/>
  <testcase name="And User verifies GFS &quot;GFSPostData&quot; &quot;AA&quot; data matches &quot;AAResponse&quot; &quot;AA&quot; data" classname="| 739609776662 |" time="0"/>
  <testcase name="And User verifies GFS &quot;GFSPostData&quot; &quot;HVE&quot; data matches &quot;AARequest&quot; &quot;HVE&quot; data" classname="| 739609776662 |" time="0"/>
  <testcase name="And User verifies GFS &quot;GFSPostData&quot; &quot;PV&quot; data matches &quot;AARequest&quot; &quot;Subsequent PV&quot; data" classname="| 739609776662 |" time="0"/>
  <testcase name="| 739609776662 |" classname="| 739609776662 |" time="0"/>
  <testcase name="Given The ACEAPI2.0 RequestID is &quot;217616711082&quot;" classname="| 217616711082 |" time="0"/>
  <testcase name="Then User retrieves the corresponding &quot;ACEAPI2.0Request&quot; from ACEAPI2.0 Database" classname="| 217616711082 |" time="0"/>
  <testcase name="And User creates the &quot;ACEAPI2.0Request&quot; using the ACEAPI2.0 DB document" classname="| 217616711082 |" time="0"/>
  <testcase name="Then User retrieves the corresponding &quot;ACEAPI2.0Response&quot; from ACEAPI2.0 Database" classname="| 217616711082 |" time="0"/>
  <testcase name="Then User retrieves the corresponding &quot;HVEResponse&quot; from ACEAPI2.0 Database" classname="| 217616711082 |" time="0"/>
  <testcase name="Then User retrieves the corresponding &quot;AARequest&quot; from ACEAPI2.0 Database" classname="| 217616711082 |" time="0"/>
  <testcase name="Then User retrieves the corresponding &quot;AAResponse&quot; from ACEAPI2.0 Database" classname="| 217616711082 |" time="0"/>
  <testcase name="Then User retrieves the corresponding ACEAPI2.0 &quot;GFSPostData&quot; from GFS Database" classname="| 217616711082 |" time="0"/>
  <testcase name="And User verifies GFS &quot;GFSPostData&quot; &quot;Address&quot; data matches &quot;HVEResponse&quot; &quot;Address&quot; data" classname="| 217616711082 |" time="0"/>
  <testcase name="And User verifies GFS &quot;GFSPostData&quot; &quot;HVE2&quot; data matches &quot;HVEResponse&quot; &quot;HVE&quot; data" classname="| 217616711082 |" time="0"/>
  <testcase name="And User verifies GFS &quot;GFSPostData&quot; &quot;AA&quot; data matches &quot;AAResponse&quot; &quot;AA&quot; data" classname="| 217616711082 |" time="0"/>
  <testcase name="And User verifies GFS &quot;GFSPostData&quot; &quot;HVE&quot; data matches &quot;AARequest&quot; &quot;HVE&quot; data" classname="| 217616711082 |" time="0"/>
  <testcase name="And User verifies GFS &quot;GFSPostData&quot; &quot;PV&quot; data matches &quot;AARequest&quot; &quot;Subsequent PV&quot; data" classname="| 217616711082 |" time="0.001"/>
  <testcase name="| 217616711082 |" classname="| 217616711082 |" time="0.001"/>
  <testcase name="Given The ACEAPI2.0 RequestID is &quot;501379254201&quot;" classname="| 501379254201 |" time="0"/>
  <testcase name="Then User retrieves the corresponding &quot;ACEAPI2.0Request&quot; from ACEAPI2.0 Database" classname="| 501379254201 |" time="0"/>
  <testcase name="And User creates the &quot;ACEAPI2.0Request&quot; using the ACEAPI2.0 DB document" classname="| 501379254201 |" time="0"/>
  <testcase name="Then User retrieves the corresponding &quot;ACEAPI2.0Response&quot; from ACEAPI2.0 Database" classname="| 501379254201 |" time="0"/>
  <testcase name="Then User retrieves the corresponding &quot;HVEResponse&quot; from ACEAPI2.0 Database" classname="| 501379254201 |" time="0"/>
  <testcase name="Then User retrieves the corresponding &quot;AARequest&quot; from ACEAPI2.0 Database" classname="| 501379254201 |" time="0"/>
  <testcase name="Then User retrieves the corresponding &quot;AAResponse&quot; from ACEAPI2.0 Database" classname="| 501379254201 |" time="0"/>
  <testcase name="Then User retrieves the corresponding ACEAPI2.0 &quot;GFSPostData&quot; from GFS Database" classname="| 501379254201 |" time="0"/>
  <testcase name="And User verifies GFS &quot;GFSPostData&quot; &quot;Address&quot; data matches &quot;HVEResponse&quot; &quot;Address&quot; data" classname="| 501379254201 |" time="0"/>
  <testcase name="And User verifies GFS &quot;GFSPostData&quot; &quot;HVE2&quot; data matches &quot;HVEResponse&quot; &quot;HVE&quot; data" classname="| 501379254201 |" time="0"/>
  <testcase name="And User verifies GFS &quot;GFSPostData&quot; &quot;AA&quot; data matches &quot;AAResponse&quot; &quot;AA&quot; data" classname="| 501379254201 |" time="0"/>
  <testcase name="And User verifies GFS &quot;GFSPostData&quot; &quot;HVE&quot; data matches &quot;AARequest&quot; &quot;HVE&quot; data" classname="| 501379254201 |" time="0"/>
  <testcase name="And User verifies GFS &quot;GFSPostData&quot; &quot;PV&quot; data matches &quot;AARequest&quot; &quot;Subsequent PV&quot; data" classname="| 501379254201 |" time="0"/>
  <testcase name="| 501379254201 |" classname="| 501379254201 |" time="0"/>
  <testcase name="Given The ACEAPI2.0 RequestID is &quot;46460303461&quot;" classname="| 46460303461 |" time="0"/>
  <testcase name="Then User retrieves the corresponding &quot;ACEAPI2.0Request&quot; from ACEAPI2.0 Database" classname="| 46460303461 |" time="0"/>
  <testcase name="And User creates the &quot;ACEAPI2.0Request&quot; using the ACEAPI2.0 DB document" classname="| 46460303461 |" time="0"/>
  <testcase name="Then User retrieves the corresponding &quot;ACEAPI2.0Response&quot; from ACEAPI2.0 Database" classname="| 46460303461 |" time="0"/>
  <testcase name="Then User retrieves the corresponding &quot;HVEResponse&quot; from ACEAPI2.0 Database" classname="| 46460303461 |" time="0"/>
  <testcase name="Then User retrieves the corresponding &quot;AARequest&quot; from ACEAPI2.0 Database" classname="| 46460303461 |" time="0"/>
  <testcase name="Then User retrieves the corresponding &quot;AAResponse&quot; from ACEAPI2.0 Database" classname="| 46460303461 |" time="0"/>
  <testcase name="Then User retrieves the corresponding ACEAPI2.0 &quot;GFSPostData&quot; from GFS Database" classname="| 46460303461 |" time="0"/>
  <testcase name="And User verifies GFS &quot;GFSPostData&quot; &quot;Address&quot; data matches &quot;HVEResponse&quot; &quot;Address&quot; data" classname="| 46460303461 |" time="0.011">
    <failure message="GFSPOST Verification failed" type="java.lang.AssertionError">java.lang.AssertionError: GFSPOST Verification failed
</failure>
    <system-out><![CDATA[&amp#27;[34mRetrieving documents by query:{loanData.address.addressLineText=14576 BERKLEE DR, loanData.loanIdentifications.loanIdentification.loanIdentifier=1559852657-1001}&amp#27;[0m
2019-06-26 15:58:50 INFO  GFSDB:326 - Error: grandFatheringAceData docuemnt for Qry {loanData.address.addressLineText=14576 BERKLEE DR, loanData.loanIdentifications.loanIdentification.loanIdentifier=1559852657-1001} not found
&amp#27;[34mCould not get GFS ACE data; retrying after 2 sec...&amp#27;[0m
&amp#27;[34mRetrieving documents by query:{loanData.address.addressLineText=14576 BERKLEE DR, loanData.loanIdentifications.loanIdentification.loanIdentifier=1559852657-1001}&amp#27;[0m
2019-06-26 15:58:52 INFO  GFSDB:326 - Error: grandFatheringAceData docuemnt for Qry {loanData.address.addressLineText=14576 BERKLEE DR, loanData.loanIdentifications.loanIdentification.loanIdentifier=1559852657-1001} not found
&amp#27;[34mERROR: GFS POST Request is null&amp#27;[0m
]]></system-out>
  </testcase>
  <testcase name="| 46460303461 |" classname="| 46460303461 |" time="0.011">
    <failure message="GFSPOST Verification failed" type="java.lang.AssertionError">java.lang.AssertionError: GFSPOST Verification failed
</failure>
  </testcase>
  <testcase name="And User verifies GFS &quot;GFSPostData&quot; &quot;HVE2&quot; data matches &quot;HVEResponse&quot; &quot;HVE&quot; data" classname="| 46460303461 |" time="0">
    <skipped/>
  </testcase>
  <testcase name="And User verifies GFS &quot;GFSPostData&quot; &quot;AA&quot; data matches &quot;AAResponse&quot; &quot;AA&quot; data" classname="| 46460303461 |" time="0">
    <skipped/>
  </testcase>
  <testcase name="And User verifies GFS &quot;GFSPostData&quot; &quot;HVE&quot; data matches &quot;AARequest&quot; &quot;HVE&quot; data" classname="| 46460303461 |" time="0">
    <skipped/>
  </testcase>
  <testcase name="And User verifies GFS &quot;GFSPostData&quot; &quot;PV&quot; data matches &quot;AARequest&quot; &quot;Subsequent PV&quot; data" classname="| 46460303461 |" time="0">
    <skipped/>
  </testcase>
  <testcase name="Given The ACEAPI2.0 RequestID is &quot;126371165327&quot;" classname="| 126371165327 |" time="0"/>
  <testcase name="Then User retrieves the corresponding &quot;ACEAPI2.0Request&quot; from ACEAPI2.0 Database" classname="| 126371165327 |" time="0"/>
  <testcase name="And User creates the &quot;ACEAPI2.0Request&quot; using the ACEAPI2.0 DB document" classname="| 126371165327 |" time="0"/>
  <testcase name="Then User retrieves the corresponding &quot;ACEAPI2.0Response&quot; from ACEAPI2.0 Database" classname="| 126371165327 |" time="0"/>
  <testcase name="Then User retrieves the corresponding &quot;HVEResponse&quot; from ACEAPI2.0 Database" classname="| 126371165327 |" time="0"/>
  <testcase name="Then User retrieves the corresponding &quot;AARequest&quot; from ACEAPI2.0 Database" classname="| 126371165327 |" time="0.001"/>
  <testcase name="Then User retrieves the corresponding &quot;AAResponse&quot; from ACEAPI2.0 Database" classname="| 126371165327 |" time="0"/>
  <testcase name="Then User retrieves the corresponding ACEAPI2.0 &quot;GFSPostData&quot; from GFS Database" classname="| 126371165327 |" time="0"/>
  <testcase name="And User verifies GFS &quot;GFSPostData&quot; &quot;Address&quot; data matches &quot;HVEResponse&quot; &quot;Address&quot; data" classname="| 126371165327 |" time="0"/>
  <testcase name="And User verifies GFS &quot;GFSPostData&quot; &quot;HVE2&quot; data matches &quot;HVEResponse&quot; &quot;HVE&quot; data" classname="| 126371165327 |" time="0"/>
  <testcase name="And User verifies GFS &quot;GFSPostData&quot; &quot;AA&quot; data matches &quot;AAResponse&quot; &quot;AA&quot; data" classname="| 126371165327 |" time="0"/>
  <testcase name="And User verifies GFS &quot;GFSPostData&quot; &quot;HVE&quot; data matches &quot;AARequest&quot; &quot;HVE&quot; data" classname="| 126371165327 |" time="0"/>
  <testcase name="And User verifies GFS &quot;GFSPostData&quot; &quot;PV&quot; data matches &quot;AARequest&quot; &quot;Subsequent PV&quot; data" classname="| 126371165327 |" time="0"/>
  <testcase name="| 126371165327 |" classname="| 126371165327 |" time="0"/>
  <testcase name="Given The ACEAPI2.0 RequestID is &quot;301773394576&quot;" classname="| 301773394576 |" time="0"/>
  <testcase name="Then User retrieves the corresponding &quot;ACEAPI2.0Request&quot; from ACEAPI2.0 Database" classname="| 301773394576 |" time="0"/>
  <testcase name="And User creates the &quot;ACEAPI2.0Request&quot; using the ACEAPI2.0 DB document" classname="| 301773394576 |" time="0"/>
  <testcase name="Then User retrieves the corresponding &quot;ACEAPI2.0Response&quot; from ACEAPI2.0 Database" classname="| 301773394576 |" time="0"/>
  <testcase name="Then User retrieves the corresponding &quot;HVEResponse&quot; from ACEAPI2.0 Database" classname="| 301773394576 |" time="0"/>
  <testcase name="Then User retrieves the corresponding &quot;AARequest&quot; from ACEAPI2.0 Database" classname="| 301773394576 |" time="0"/>
  <testcase name="Then User retrieves the corresponding &quot;AAResponse&quot; from ACEAPI2.0 Database" classname="| 301773394576 |" time="0"/>
  <testcase name="Then User retrieves the corresponding ACEAPI2.0 &quot;GFSPostData&quot; from GFS Database" classname="| 301773394576 |" time="0"/>
  <testcase name="And User verifies GFS &quot;GFSPostData&quot; &quot;Address&quot; data matches &quot;HVEResponse&quot; &quot;Address&quot; data" classname="| 301773394576 |" time="0"/>
  <testcase name="And User verifies GFS &quot;GFSPostData&quot; &quot;HVE2&quot; data matches &quot;HVEResponse&quot; &quot;HVE&quot; data" classname="| 301773394576 |" time="0"/>
  <testcase name="And User verifies GFS &quot;GFSPostData&quot; &quot;AA&quot; data matches &quot;AAResponse&quot; &quot;AA&quot; data" classname="| 301773394576 |" time="0"/>
  <testcase name="And User verifies GFS &quot;GFSPostData&quot; &quot;HVE&quot; data matches &quot;AARequest&quot; &quot;HVE&quot; data" classname="| 301773394576 |" time="0.001"/>
  <testcase name="And User verifies GFS &quot;GFSPostData&quot; &quot;PV&quot; data matches &quot;AARequest&quot; &quot;Subsequent PV&quot; data" classname="| 301773394576 |" time="0"/>
  <testcase name="| 301773394576 |" classname="| 301773394576 |" time="0"/>
  <testcase name="Given The ACEAPI2.0 RequestID is &quot;340369032907&quot;" classname="| 340369032907 |" time="0"/>
  <testcase name="Then User retrieves the corresponding &quot;ACEAPI2.0Request&quot; from ACEAPI2.0 Database" classname="| 340369032907 |" time="0.002"/>
  <testcase name="And User creates the &quot;ACEAPI2.0Request&quot; using the ACEAPI2.0 DB document" classname="| 340369032907 |" time="0"/>
  <testcase name="Then User retrieves the corresponding &quot;ACEAPI2.0Response&quot; from ACEAPI2.0 Database" classname="| 340369032907 |" time="0"/>
  <testcase name="Then User retrieves the corresponding &quot;HVEResponse&quot; from ACEAPI2.0 Database" classname="| 340369032907 |" time="0"/>
  <testcase name="Then User retrieves the corresponding &quot;AARequest&quot; from ACEAPI2.0 Database" classname="| 340369032907 |" time="0"/>
  <testcase name="Then User retrieves the corresponding &quot;AAResponse&quot; from ACEAPI2.0 Database" classname="| 340369032907 |" time="0"/>
  <testcase name="Then User retrieves the corresponding ACEAPI2.0 &quot;GFSPostData&quot; from GFS Database" classname="| 340369032907 |" time="0"/>
  <testcase name="And User verifies GFS &quot;GFSPostData&quot; &quot;Address&quot; data matches &quot;HVEResponse&quot; &quot;Address&quot; data" classname="| 340369032907 |" time="0"/>
  <testcase name="And User verifies GFS &quot;GFSPostData&quot; &quot;HVE2&quot; data matches &quot;HVEResponse&quot; &quot;HVE&quot; data" classname="| 340369032907 |" time="0"/>
  <testcase name="And User verifies GFS &quot;GFSPostData&quot; &quot;AA&quot; data matches &quot;AAResponse&quot; &quot;AA&quot; data" classname="| 340369032907 |" time="0"/>
  <testcase name="And User verifies GFS &quot;GFSPostData&quot; &quot;HVE&quot; data matches &quot;AARequest&quot; &quot;HVE&quot; data" classname="| 340369032907 |" time="0"/>
  <testcase name="And User verifies GFS &quot;GFSPostData&quot; &quot;PV&quot; data matches &quot;AARequest&quot; &quot;Subsequent PV&quot; data" classname="| 340369032907 |" time="0"/>
  <testcase name="| 340369032907 |" classname="| 340369032907 |" time="0"/>
  <testcase name="Given The ACEAPI2.0 RequestID is &quot;927204975081&quot;" classname="| 927204975081 |" time="0"/>
  <testcase name="Then User retrieves the corresponding &quot;ACEAPI2.0Request&quot; from ACEAPI2.0 Database" classname="| 927204975081 |" time="0"/>
  <testcase name="And User creates the &quot;ACEAPI2.0Request&quot; using the ACEAPI2.0 DB document" classname="| 927204975081 |" time="0"/>
  <testcase name="Then User retrieves the corresponding &quot;ACEAPI2.0Response&quot; from ACEAPI2.0 Database" classname="| 927204975081 |" time="0"/>
  <testcase name="Then User retrieves the corresponding &quot;HVEResponse&quot; from ACEAPI2.0 Database" classname="| 927204975081 |" time="0"/>
  <testcase name="Then User retrieves the corresponding &quot;AARequest&quot; from ACEAPI2.0 Database" classname="| 927204975081 |" time="0"/>
  <testcase name="Then User retrieves the corresponding &quot;AAResponse&quot; from ACEAPI2.0 Database" classname="| 927204975081 |" time="0"/>
  <testcase name="Then User retrieves the corresponding ACEAPI2.0 &quot;GFSPostData&quot; from GFS Database" classname="| 927204975081 |" time="0"/>
  <testcase name="And User verifies GFS &quot;GFSPostData&quot; &quot;Address&quot; data matches &quot;HVEResponse&quot; &quot;Address&quot; data" classname="| 927204975081 |" time="0"/>
  <testcase name="And User verifies GFS &quot;GFSPostData&quot; &quot;HVE2&quot; data matches &quot;HVEResponse&quot; &quot;HVE&quot; data" classname="| 927204975081 |" time="0"/>
  <testcase name="And User verifies GFS &quot;GFSPostData&quot; &quot;AA&quot; data matches &quot;AAResponse&quot; &quot;AA&quot; data" classname="| 927204975081 |" time="0"/>
  <testcase name="And User verifies GFS &quot;GFSPostData&quot; &quot;HVE&quot; data matches &quot;AARequest&quot; &quot;HVE&quot; data" classname="| 927204975081 |" time="0"/>
  <testcase name="And User verifies GFS &quot;GFSPostData&quot; &quot;PV&quot; data matches &quot;AARequest&quot; &quot;Subsequent PV&quot; data" classname="| 927204975081 |" time="0"/>
  <testcase name="| 927204975081 |" classname="| 927204975081 |" time="0"/>
  <testcase name="Given The ACEAPI2.0 RequestID is &quot;784622984545&quot;" classname="| 784622984545 |" time="0"/>
  <testcase name="Then User retrieves the corresponding &quot;ACEAPI2.0Request&quot; from ACEAPI2.0 Database" classname="| 784622984545 |" time="0"/>
  <testcase name="And User creates the &quot;ACEAPI2.0Request&quot; using the ACEAPI2.0 DB document" classname="| 784622984545 |" time="0"/>
  <testcase name="Then User retrieves the corresponding &quot;ACEAPI2.0Response&quot; from ACEAPI2.0 Database" classname="| 784622984545 |" time="0"/>
  <testcase name="Then User retrieves the corresponding &quot;HVEResponse&quot; from ACEAPI2.0 Database" classname="| 784622984545 |" time="0"/>
  <testcase name="Then User retrieves the corresponding &quot;AARequest&quot; from ACEAPI2.0 Database" classname="| 784622984545 |" time="0"/>
  <testcase name="Then User retrieves the corresponding &quot;AAResponse&quot; from ACEAPI2.0 Database" classname="| 784622984545 |" time="0"/>
  <testcase name="Then User retrieves the corresponding ACEAPI2.0 &quot;GFSPostData&quot; from GFS Database" classname="| 784622984545 |" time="0"/>
  <testcase name="And User verifies GFS &quot;GFSPostData&quot; &quot;Address&quot; data matches &quot;HVEResponse&quot; &quot;Address&quot; data" classname="| 784622984545 |" time="0"/>
  <testcase name="And User verifies GFS &quot;GFSPostData&quot; &quot;HVE2&quot; data matches &quot;HVEResponse&quot; &quot;HVE&quot; data" classname="| 784622984545 |" time="0"/>
  <testcase name="And User verifies GFS &quot;GFSPostData&quot; &quot;AA&quot; data matches &quot;AAResponse&quot; &quot;AA&quot; data" classname="| 784622984545 |" time="0"/>
  <testcase name="And User verifies GFS &quot;GFSPostData&quot; &quot;HVE&quot; data matches &quot;AARequest&quot; &quot;HVE&quot; data" classname="| 784622984545 |" time="0"/>
  <testcase name="And User verifies GFS &quot;GFSPostData&quot; &quot;PV&quot; data matches &quot;AARequest&quot; &quot;Subsequent PV&quot; data" classname="| 784622984545 |" time="0"/>
  <testcase name="| 784622984545 |" classname="| 784622984545 |" time="0"/>
  <testcase name="Given The ACEAPI2.0 RequestID is &quot;500533301979&quot;" classname="| 500533301979 |" time="0"/>
  <testcase name="Then User retrieves the corresponding &quot;ACEAPI2.0Request&quot; from ACEAPI2.0 Database" classname="| 500533301979 |" time="0"/>
  <testcase name="And User creates the &quot;ACEAPI2.0Request&quot; using the ACEAPI2.0 DB document" classname="| 500533301979 |" time="0"/>
  <testcase name="Then User retrieves the corresponding &quot;ACEAPI2.0Response&quot; from ACEAPI2.0 Database" classname="| 500533301979 |" time="0"/>
  <testcase name="Then User retrieves the corresponding &quot;HVEResponse&quot; from ACEAPI2.0 Database" classname="| 500533301979 |" time="0"/>
  <testcase name="Then User retrieves the corresponding &quot;AARequest&quot; from ACEAPI2.0 Database" classname="| 500533301979 |" time="0"/>
  <testcase name="Then User retrieves the corresponding &quot;AAResponse&quot; from ACEAPI2.0 Database" classname="| 500533301979 |" time="0"/>
  <testcase name="Then User retrieves the corresponding ACEAPI2.0 &quot;GFSPostData&quot; from GFS Database" classname="| 500533301979 |" time="0"/>
  <testcase name="And User verifies GFS &quot;GFSPostData&quot; &quot;Address&quot; data matches &quot;HVEResponse&quot; &quot;Address&quot; data" classname="| 500533301979 |" time="0"/>
  <testcase name="And User verifies GFS &quot;GFSPostData&quot; &quot;HVE2&quot; data matches &quot;HVEResponse&quot; &quot;HVE&quot; data" classname="| 500533301979 |" time="0"/>
  <testcase name="And User verifies GFS &quot;GFSPostData&quot; &quot;AA&quot; data matches &quot;AAResponse&quot; &quot;AA&quot; data" classname="| 500533301979 |" time="0"/>
  <testcase name="And User verifies GFS &quot;GFSPostData&quot; &quot;HVE&quot; data matches &quot;AARequest&quot; &quot;HVE&quot; data" classname="| 500533301979 |" time="0"/>
  <testcase name="And User verifies GFS &quot;GFSPostData&quot; &quot;PV&quot; data matches &quot;AARequest&quot; &quot;Subsequent PV&quot; data" classname="| 500533301979 |" time="0"/>
  <testcase name="| 500533301979 |" classname="| 500533301979 |" time="0"/>
  <testcase name="Given The ACEAPI2.0 RequestID is &quot;980955710156&quot;" classname="| 980955710156 |" time="0"/>
  <testcase name="Then User retrieves the corresponding &quot;ACEAPI2.0Request&quot; from ACEAPI2.0 Database" classname="| 980955710156 |" time="0"/>
  <testcase name="And User creates the &quot;ACEAPI2.0Request&quot; using the ACEAPI2.0 DB document" classname="| 980955710156 |" time="0"/>
  <testcase name="Then User retrieves the corresponding &quot;ACEAPI2.0Response&quot; from ACEAPI2.0 Database" classname="| 980955710156 |" time="0"/>
  <testcase name="Then User retrieves the corresponding &quot;HVEResponse&quot; from ACEAPI2.0 Database" classname="| 980955710156 |" time="0"/>
  <testcase name="Then User retrieves the corresponding &quot;AARequest&quot; from ACEAPI2.0 Database" classname="| 980955710156 |" time="0"/>
  <testcase name="Then User retrieves the corresponding &quot;AAResponse&quot; from ACEAPI2.0 Database" classname="| 980955710156 |" time="0"/>
  <testcase name="Then User retrieves the corresponding ACEAPI2.0 &quot;GFSPostData&quot; from GFS Database" classname="| 980955710156 |" time="0.001"/>
  <testcase name="And User verifies GFS &quot;GFSPostData&quot; &quot;Address&quot; data matches &quot;HVEResponse&quot; &quot;Address&quot; data" classname="| 980955710156 |" time="0.002">
    <failure message="GFSPOST Verification failed" type="java.lang.AssertionError">java.lang.AssertionError: GFSPOST Verification failed
</failure>
    <system-out><![CDATA[&amp#27;[34mRetrieving documents by query:{loanData.address.addressLineText=14576 BERKLEE DR, loanData.loanIdentifications.loanIdentification.loanIdentifier=1559852657-1002}&amp#27;[0m
2019-06-26 15:59:00 INFO  GFSDB:326 - Error: grandFatheringAceData docuemnt for Qry {loanData.address.addressLineText=14576 BERKLEE DR, loanData.loanIdentifications.loanIdentification.loanIdentifier=1559852657-1002} not found
&amp#27;[34mCould not get GFS ACE data; retrying after 2 sec...&amp#27;[0m
&amp#27;[34mRetrieving documents by query:{loanData.address.addressLineText=14576 BERKLEE DR, loanData.loanIdentifications.loanIdentification.loanIdentifier=1559852657-1002}&amp#27;[0m
2019-06-26 15:59:03 INFO  GFSDB:326 - Error: grandFatheringAceData docuemnt for Qry {loanData.address.addressLineText=14576 BERKLEE DR, loanData.loanIdentifications.loanIdentification.loanIdentifier=1559852657-1002} not found
&amp#27;[34mERROR: GFS POST Request is null&amp#27;[0m
]]></system-out>
  </testcase>
  <testcase name="| 980955710156 |" classname="| 980955710156 |" time="0.002">
    <failure message="GFSPOST Verification failed" type="java.lang.AssertionError">java.lang.AssertionError: GFSPOST Verification failed
</failure>
  </testcase>
  <testcase name="And User verifies GFS &quot;GFSPostData&quot; &quot;HVE2&quot; data matches &quot;HVEResponse&quot; &quot;HVE&quot; data" classname="| 980955710156 |" time="0">
    <skipped/>
  </testcase>
  <testcase name="And User verifies GFS &quot;GFSPostData&quot; &quot;AA&quot; data matches &quot;AAResponse&quot; &quot;AA&quot; data" classname="| 980955710156 |" time="0">
    <skipped/>
  </testcase>
  <testcase name="And User verifies GFS &quot;GFSPostData&quot; &quot;HVE&quot; data matches &quot;AARequest&quot; &quot;HVE&quot; data" classname="| 980955710156 |" time="0">
    <skipped/>
  </testcase>
  <testcase name="And User verifies GFS &quot;GFSPostData&quot; &quot;PV&quot; data matches &quot;AARequest&quot; &quot;Subsequent PV&quot; data" classname="| 980955710156 |" time="0">
    <skipped/>
  </testcase>
  <testcase name="Given The ACEAPI2.0 RequestID is &quot;604484633520&quot;" classname="| 604484633520 |" time="0"/>
  <testcase name="Then User retrieves the corresponding &quot;ACEAPI2.0Request&quot; from ACEAPI2.0 Database" classname="| 604484633520 |" time="0"/>
  <testcase name="And User creates the &quot;ACEAPI2.0Request&quot; using the ACEAPI2.0 DB document" classname="| 604484633520 |" time="0"/>
  <testcase name="Then User retrieves the corresponding &quot;ACEAPI2.0Response&quot; from ACEAPI2.0 Database" classname="| 604484633520 |" time="0"/>
  <testcase name="Then User retrieves the corresponding &quot;HVEResponse&quot; from ACEAPI2.0 Database" classname="| 604484633520 |" time="0"/>
  <testcase name="Then User retrieves the corresponding &quot;AARequest&quot; from ACEAPI2.0 Database" classname="| 604484633520 |" time="0"/>
  <testcase name="Then User retrieves the corresponding &quot;AAResponse&quot; from ACEAPI2.0 Database" classname="| 604484633520 |" time="0"/>
  <testcase name="Then User retrieves the corresponding ACEAPI2.0 &quot;GFSPostData&quot; from GFS Database" classname="| 604484633520 |" time="0"/>
  <testcase name="And User verifies GFS &quot;GFSPostData&quot; &quot;Address&quot; data matches &quot;HVEResponse&quot; &quot;Address&quot; data" classname="| 604484633520 |" time="0"/>
  <testcase name="And User verifies GFS &quot;GFSPostData&quot; &quot;HVE2&quot; data matches &quot;HVEResponse&quot; &quot;HVE&quot; data" classname="| 604484633520 |" time="0"/>
  <testcase name="And User verifies GFS &quot;GFSPostData&quot; &quot;AA&quot; data matches &quot;AAResponse&quot; &quot;AA&quot; data" classname="| 604484633520 |" time="0"/>
  <testcase name="And User verifies GFS &quot;GFSPostData&quot; &quot;HVE&quot; data matches &quot;AARequest&quot; &quot;HVE&quot; data" classname="| 604484633520 |" time="0"/>
  <testcase name="And User verifies GFS &quot;GFSPostData&quot; &quot;PV&quot; data matches &quot;AARequest&quot; &quot;Subsequent PV&quot; data" classname="| 604484633520 |" time="0"/>
  <testcase name="| 604484633520 |" classname="| 604484633520 |" time="0"/>
  <testcase name="Given The ACEAPI2.0 RequestID is &quot;454716461895&quot;" classname="| 454716461895 |" time="0"/>
  <testcase name="Then User retrieves the corresponding &quot;ACEAPI2.0Request&quot; from ACEAPI2.0 Database" classname="| 454716461895 |" time="0"/>
  <testcase name="And User creates the &quot;ACEAPI2.0Request&quot; using the ACEAPI2.0 DB document" classname="| 454716461895 |" time="0"/>
  <testcase name="Then User retrieves the corresponding &quot;ACEAPI2.0Response&quot; from ACEAPI2.0 Database" classname="| 454716461895 |" time="0"/>
  <testcase name="Then User retrieves the corresponding &quot;HVEResponse&quot; from ACEAPI2.0 Database" classname="| 454716461895 |" time="0"/>
  <testcase name="Then User retrieves the corresponding &quot;AARequest&quot; from ACEAPI2.0 Database" classname="| 454716461895 |" time="0"/>
  <testcase name="Then User retrieves the corresponding &quot;AAResponse&quot; from ACEAPI2.0 Database" classname="| 454716461895 |" time="0"/>
  <testcase name="Then User retrieves the corresponding ACEAPI2.0 &quot;GFSPostData&quot; from GFS Database" classname="| 454716461895 |" time="0"/>
  <testcase name="And User verifies GFS &quot;GFSPostData&quot; &quot;Address&quot; data matches &quot;HVEResponse&quot; &quot;Address&quot; data" classname="| 454716461895 |" time="0"/>
  <testcase name="And User verifies GFS &quot;GFSPostData&quot; &quot;HVE2&quot; data matches &quot;HVEResponse&quot; &quot;HVE&quot; data" classname="| 454716461895 |" time="0"/>
  <testcase name="And User verifies GFS &quot;GFSPostData&quot; &quot;AA&quot; data matches &quot;AAResponse&quot; &quot;AA&quot; data" classname="| 454716461895 |" time="0"/>
  <testcase name="And User verifies GFS &quot;GFSPostData&quot; &quot;HVE&quot; data matches &quot;AARequest&quot; &quot;HVE&quot; data" classname="| 454716461895 |" time="0"/>
  <testcase name="And User verifies GFS &quot;GFSPostData&quot; &quot;PV&quot; data matches &quot;AARequest&quot; &quot;Subsequent PV&quot; data" classname="| 454716461895 |" time="0"/>
  <testcase name="| 454716461895 |" classname="| 454716461895 |" time="0"/>
  <testcase name="Given The ACEAPI2.0 RequestID is &quot;363929888359&quot;" classname="| 363929888359 |" time="0"/>
  <testcase name="Then User retrieves the corresponding &quot;ACEAPI2.0Request&quot; from ACEAPI2.0 Database" classname="| 363929888359 |" time="0"/>
  <testcase name="And User creates the &quot;ACEAPI2.0Request&quot; using the ACEAPI2.0 DB document" classname="| 363929888359 |" time="0"/>
  <testcase name="Then User retrieves the corresponding &quot;ACEAPI2.0Response&quot; from ACEAPI2.0 Database" classname="| 363929888359 |" time="0"/>
  <testcase name="Then User retrieves the corresponding &quot;HVEResponse&quot; from ACEAPI2.0 Database" classname="| 363929888359 |" time="0"/>
  <testcase name="Then User retrieves the corresponding &quot;AARequest&quot; from ACEAPI2.0 Database" classname="| 363929888359 |" time="0"/>
  <testcase name="Then User retrieves the corresponding &quot;AAResponse&quot; from ACEAPI2.0 Database" classname="| 363929888359 |" time="0"/>
  <testcase name="Then User retrieves the corresponding ACEAPI2.0 &quot;GFSPostData&quot; from GFS Database" classname="| 363929888359 |" time="0"/>
  <testcase name="And User verifies GFS &quot;GFSPostData&quot; &quot;Address&quot; data matches &quot;HVEResponse&quot; &quot;Address&quot; data" classname="| 363929888359 |" time="0"/>
  <testcase name="And User verifies GFS &quot;GFSPostData&quot; &quot;HVE2&quot; data matches &quot;HVEResponse&quot; &quot;HVE&quot; data" classname="| 363929888359 |" time="0"/>
  <testcase name="And User verifies GFS &quot;GFSPostData&quot; &quot;AA&quot; data matches &quot;AAResponse&quot; &quot;AA&quot; data" classname="| 363929888359 |" time="0"/>
  <testcase name="And User verifies GFS &quot;GFSPostData&quot; &quot;HVE&quot; data matches &quot;AARequest&quot; &quot;HVE&quot; data" classname="| 363929888359 |" time="0"/>
  <testcase name="And User verifies GFS &quot;GFSPostData&quot; &quot;PV&quot; data matches &quot;AARequest&quot; &quot;Subsequent PV&quot; data" classname="| 363929888359 |" time="0"/>
  <testcase name="| 363929888359 |" classname="| 363929888359 |" time="0"/>
</testsuite>